[1.380s] DEBUG:colcon:Command line arguments: ['/usr/bin/colcon', 'build', '--packages-select', 'ros2_turtle_shapes']
[1.381s] DEBUG:colcon:Parsed command line arguments: Namespace(log_base=None, log_level=None, verb_name='build', build_base='build', install_base='install', merge_install=False, symlink_install=False, test_result_base=None, continue_on_error=False, executor='parallel', parallel_workers=8, event_handlers=None, ignore_user_meta=False, metas=['./colcon.meta'], base_paths=['.'], packages_ignore=None, packages_ignore_regex=None, paths=None, packages_up_to=None, packages_up_to_regex=None, packages_above=None, packages_above_and_dependencies=None, packages_above_depth=None, packages_select_by_dep=None, packages_skip_by_dep=None, packages_skip_up_to=None, packages_select_build_failed=False, packages_skip_build_finished=False, packages_select_test_failures=False, packages_skip_test_passed=False, packages_select=['ros2_turtle_shapes'], packages_skip=None, packages_select_regex=None, packages_skip_regex=None, packages_start=None, packages_end=None, allow_overriding=[], cmake_args=None, cmake_target=None, cmake_target_skip_unavailable=False, cmake_clean_cache=False, cmake_clean_first=False, cmake_force_configure=False, ament_cmake_args=None, catkin_cmake_args=None, catkin_skip_building_tests=False, mixin_files=None, mixin=None, verb_parser=<colcon_mixin.mixin.mixin_argument.MixinArgumentDecorator object at 0x7f4358594ad0>, verb_extension=<colcon_core.verb.build.BuildVerb object at 0x7f4358628560>, main=<bound method BuildVerb.main of <colcon_core.verb.build.BuildVerb object at 0x7f4358628560>>, mixin_verb=('build',))
[1.749s] Level 1:colcon.colcon_core.package_discovery:discover_packages(colcon_meta) check parameters
[1.749s] Level 1:colcon.colcon_core.package_discovery:discover_packages(recursive) check parameters
[1.749s] Level 1:colcon.colcon_core.package_discovery:discover_packages(ignore) check parameters
[1.749s] Level 1:colcon.colcon_core.package_discovery:discover_packages(path) check parameters
[1.749s] Level 1:colcon.colcon_core.package_discovery:discover_packages(colcon_meta) discover
[1.750s] Level 1:colcon.colcon_core.package_discovery:discover_packages(recursive) discover
[1.750s] INFO:colcon.colcon_core.package_discovery:Crawling recursively for packages in '/home/amr/ros2_ws/ros2_turtle_shapes'
[1.750s] Level 1:colcon.colcon_core.package_identification:_identify(.) by extensions ['ignore', 'ignore_ament_install']
[1.751s] Level 1:colcon.colcon_core.package_identification:_identify(.) by extension 'ignore'
[1.752s] Level 1:colcon.colcon_core.package_identification:_identify(.) by extension 'ignore_ament_install'
[1.753s] Level 1:colcon.colcon_core.package_identification:_identify(.) by extensions ['colcon_pkg']
[1.753s] Level 1:colcon.colcon_core.package_identification:_identify(.) by extension 'colcon_pkg'
[1.755s] Level 1:colcon.colcon_core.package_identification:_identify(.) by extensions ['colcon_meta']
[1.755s] Level 1:colcon.colcon_core.package_identification:_identify(.) by extension 'colcon_meta'
[1.755s] Level 1:colcon.colcon_core.package_identification:_identify(.) by extensions ['ros']
[1.755s] Level 1:colcon.colcon_core.package_identification:_identify(.) by extension 'ros'
[1.935s] DEBUG:colcon.colcon_core.package_identification:Package '.' with type 'ros.ament_python' and name 'ros2_turtle_shapes'
[1.936s] Level 1:colcon.colcon_core.package_discovery:discover_packages(recursive) using defaults
[1.936s] Level 1:colcon.colcon_core.package_discovery:discover_packages(ignore) discover
[1.936s] Level 1:colcon.colcon_core.package_discovery:discover_packages(ignore) using defaults
[1.936s] Level 1:colcon.colcon_core.package_discovery:discover_packages(path) discover
[1.936s] Level 1:colcon.colcon_core.package_discovery:discover_packages(path) using defaults
[2.049s] Level 1:colcon.colcon_core.package_discovery:discover_packages(prefix_path) check parameters
[2.049s] Level 1:colcon.colcon_core.package_discovery:discover_packages(prefix_path) discover
[2.069s] DEBUG:colcon.colcon_installed_package_information.package_discovery:Found 287 installed packages in /opt/ros/jazzy
[2.072s] Level 1:colcon.colcon_core.package_discovery:discover_packages(prefix_path) using defaults
[2.479s] Level 5:colcon.colcon_core.verb:set package 'ros2_turtle_shapes' build argument 'cmake_args' from command line to 'None'
[2.479s] Level 5:colcon.colcon_core.verb:set package 'ros2_turtle_shapes' build argument 'cmake_target' from command line to 'None'
[2.480s] Level 5:colcon.colcon_core.verb:set package 'ros2_turtle_shapes' build argument 'cmake_target_skip_unavailable' from command line to 'False'
[2.480s] Level 5:colcon.colcon_core.verb:set package 'ros2_turtle_shapes' build argument 'cmake_clean_cache' from command line to 'False'
[2.480s] Level 5:colcon.colcon_core.verb:set package 'ros2_turtle_shapes' build argument 'cmake_clean_first' from command line to 'False'
[2.481s] Level 5:colcon.colcon_core.verb:set package 'ros2_turtle_shapes' build argument 'cmake_force_configure' from command line to 'False'
[2.481s] Level 5:colcon.colcon_core.verb:set package 'ros2_turtle_shapes' build argument 'ament_cmake_args' from command line to 'None'
[2.481s] Level 5:colcon.colcon_core.verb:set package 'ros2_turtle_shapes' build argument 'catkin_cmake_args' from command line to 'None'
[2.481s] Level 5:colcon.colcon_core.verb:set package 'ros2_turtle_shapes' build argument 'catkin_skip_building_tests' from command line to 'False'
[2.481s] DEBUG:colcon.colcon_core.verb:Building package 'ros2_turtle_shapes' with the following arguments: {'ament_cmake_args': None, 'build_base': '/home/amr/ros2_ws/ros2_turtle_shapes/build/ros2_turtle_shapes', 'catkin_cmake_args': None, 'catkin_skip_building_tests': False, 'cmake_args': None, 'cmake_clean_cache': False, 'cmake_clean_first': False, 'cmake_force_configure': False, 'cmake_target': None, 'cmake_target_skip_unavailable': False, 'install_base': '/home/amr/ros2_ws/ros2_turtle_shapes/install/ros2_turtle_shapes', 'merge_install': False, 'path': '/home/amr/ros2_ws/ros2_turtle_shapes', 'symlink_install': False, 'test_result_base': None}
[2.481s] INFO:colcon.colcon_core.executor:Executing jobs using 'parallel' executor
[2.485s] DEBUG:colcon.colcon_parallel_executor.executor.parallel:run_until_complete
[2.485s] INFO:colcon.colcon_ros.task.ament_python.build:Building ROS package in '/home/amr/ros2_ws/ros2_turtle_shapes' with build type 'ament_python'
[2.485s] Level 1:colcon.colcon_core.shell:create_environment_hook('ros2_turtle_shapes', 'ament_prefix_path')
[2.499s] INFO:colcon.colcon_core.plugin_system:Skipping extension 'colcon_core.shell.bat': Not used on non-Windows systems
[2.500s] INFO:colcon.colcon_core.shell:Creating environment hook '/home/amr/ros2_ws/ros2_turtle_shapes/install/ros2_turtle_shapes/share/ros2_turtle_shapes/hook/ament_prefix_path.ps1'
[2.514s] INFO:colcon.colcon_core.shell:Creating environment descriptor '/home/amr/ros2_ws/ros2_turtle_shapes/install/ros2_turtle_shapes/share/ros2_turtle_shapes/hook/ament_prefix_path.dsv'
[2.520s] INFO:colcon.colcon_core.shell:Creating environment hook '/home/amr/ros2_ws/ros2_turtle_shapes/install/ros2_turtle_shapes/share/ros2_turtle_shapes/hook/ament_prefix_path.sh'
[2.524s] INFO:colcon.colcon_core.shell:Skip shell extension 'powershell' for command environment: Not usable outside of PowerShell
[2.524s] DEBUG:colcon.colcon_core.shell:Skip shell extension 'dsv' for command environment
[3.167s] INFO:colcon.colcon_core.task.python.build:Building Python package in '/home/amr/ros2_ws/ros2_turtle_shapes'
[3.168s] INFO:colcon.colcon_core.shell:Skip shell extension 'powershell' for command environment: Not usable outside of PowerShell
[3.168s] DEBUG:colcon.colcon_core.shell:Skip shell extension 'dsv' for command environment
[6.138s] DEBUG:colcon.colcon_core.event_handler.log_command:Invoking command in '/home/amr/ros2_ws/ros2_turtle_shapes': PYTHONPATH=/home/amr/ros2_ws/ros2_turtle_shapes/build/ros2_turtle_shapes/prefix_override:/usr/lib/python3/dist-packages/colcon_core/task/python/colcon_distutils_commands:/home/amr/ros2_ws/ros2_turtle_shapes/install/ros2_turtle_shapes/lib/python3.12/site-packages:${PYTHONPATH} /usr/bin/python3 -W ignore:setup.py install is deprecated -W ignore:easy_install command is deprecated setup.py egg_info --egg-base build/ros2_turtle_shapes build --build-base /home/amr/ros2_ws/ros2_turtle_shapes/build/ros2_turtle_shapes/build install --record /home/amr/ros2_ws/ros2_turtle_shapes/build/ros2_turtle_shapes/install.log --single-version-externally-managed install_data
[7.074s] DEBUG:colcon.colcon_core.event_handler.log_command:Invoked command in '/home/amr/ros2_ws/ros2_turtle_shapes' returned '0': PYTHONPATH=/home/amr/ros2_ws/ros2_turtle_shapes/build/ros2_turtle_shapes/prefix_override:/usr/lib/python3/dist-packages/colcon_core/task/python/colcon_distutils_commands:/home/amr/ros2_ws/ros2_turtle_shapes/install/ros2_turtle_shapes/lib/python3.12/site-packages:${PYTHONPATH} /usr/bin/python3 -W ignore:setup.py install is deprecated -W ignore:easy_install command is deprecated setup.py egg_info --egg-base build/ros2_turtle_shapes build --build-base /home/amr/ros2_ws/ros2_turtle_shapes/build/ros2_turtle_shapes/build install --record /home/amr/ros2_ws/ros2_turtle_shapes/build/ros2_turtle_shapes/install.log --single-version-externally-managed install_data
[7.094s] Level 1:colcon.colcon_core.environment:checking '/home/amr/ros2_ws/ros2_turtle_shapes/install/ros2_turtle_shapes' for CMake module files
[7.095s] Level 1:colcon.colcon_core.environment:checking '/home/amr/ros2_ws/ros2_turtle_shapes/install/ros2_turtle_shapes' for CMake config files
[7.096s] Level 1:colcon.colcon_core.environment:checking '/home/amr/ros2_ws/ros2_turtle_shapes/install/ros2_turtle_shapes/lib'
[7.097s] Level 1:colcon.colcon_core.environment:checking '/home/amr/ros2_ws/ros2_turtle_shapes/install/ros2_turtle_shapes/bin'
[7.097s] Level 1:colcon.colcon_core.environment:checking '/home/amr/ros2_ws/ros2_turtle_shapes/install/ros2_turtle_shapes/lib/pkgconfig/ros2_turtle_shapes.pc'
[7.097s] Level 1:colcon.colcon_core.environment:checking '/home/amr/ros2_ws/ros2_turtle_shapes/install/ros2_turtle_shapes/lib/python3.12/site-packages'
[7.098s] Level 1:colcon.colcon_core.shell:create_environment_hook('ros2_turtle_shapes', 'pythonpath')
[7.098s] INFO:colcon.colcon_core.shell:Creating environment hook '/home/amr/ros2_ws/ros2_turtle_shapes/install/ros2_turtle_shapes/share/ros2_turtle_shapes/hook/pythonpath.ps1'
[7.099s] INFO:colcon.colcon_core.shell:Creating environment descriptor '/home/amr/ros2_ws/ros2_turtle_shapes/install/ros2_turtle_shapes/share/ros2_turtle_shapes/hook/pythonpath.dsv'
[7.100s] INFO:colcon.colcon_core.shell:Creating environment hook '/home/amr/ros2_ws/ros2_turtle_shapes/install/ros2_turtle_shapes/share/ros2_turtle_shapes/hook/pythonpath.sh'
[7.102s] Level 1:colcon.colcon_core.environment:checking '/home/amr/ros2_ws/ros2_turtle_shapes/install/ros2_turtle_shapes/bin'
[7.102s] Level 1:colcon.colcon_core.environment:create_environment_scripts_only(ros2_turtle_shapes)
[7.102s] INFO:colcon.colcon_core.shell:Creating package script '/home/amr/ros2_ws/ros2_turtle_shapes/install/ros2_turtle_shapes/share/ros2_turtle_shapes/package.ps1'
[7.105s] INFO:colcon.colcon_core.shell:Creating package descriptor '/home/amr/ros2_ws/ros2_turtle_shapes/install/ros2_turtle_shapes/share/ros2_turtle_shapes/package.dsv'
[7.109s] INFO:colcon.colcon_core.shell:Creating package script '/home/amr/ros2_ws/ros2_turtle_shapes/install/ros2_turtle_shapes/share/ros2_turtle_shapes/package.sh'
[7.112s] INFO:colcon.colcon_core.shell:Creating package script '/home/amr/ros2_ws/ros2_turtle_shapes/install/ros2_turtle_shapes/share/ros2_turtle_shapes/package.bash'
[7.116s] INFO:colcon.colcon_core.shell:Creating package script '/home/amr/ros2_ws/ros2_turtle_shapes/install/ros2_turtle_shapes/share/ros2_turtle_shapes/package.zsh'
[7.119s] Level 1:colcon.colcon_core.environment:create_file_with_runtime_dependencies(/home/amr/ros2_ws/ros2_turtle_shapes/install/ros2_turtle_shapes/share/colcon-core/packages/ros2_turtle_shapes)
[7.121s] DEBUG:colcon.colcon_parallel_executor.executor.parallel:closing loop
[7.123s] DEBUG:colcon.colcon_parallel_executor.executor.parallel:loop closed
[7.125s] DEBUG:colcon.colcon_parallel_executor.executor.parallel:run_until_complete finished with '0'
[7.125s] DEBUG:colcon.colcon_core.event_reactor:joining thread
[7.291s] INFO:colcon.colcon_core.plugin_system:Skipping extension 'colcon_notification.desktop_notification.notify_send': Could not find 'notify-send'
[7.292s] INFO:colcon.colcon_core.plugin_system:Skipping extension 'colcon_notification.desktop_notification.terminal_notifier': Not used on non-Darwin systems
[7.292s] INFO:colcon.colcon_core.plugin_system:Skipping extension 'colcon_notification.desktop_notification.win32': Not used on non-Windows systems
[7.292s] INFO:colcon.colcon_notification.desktop_notification:Sending desktop notification using 'notify2'
[7.335s] DEBUG:colcon.colcon_notification.desktop_notification.notify2:Failed to initialize notify2: org.freedesktop.DBus.Error.ServiceUnknown: The name org.freedesktop.Notifications was not provided by any .service files
[7.336s] DEBUG:colcon.colcon_core.event_reactor:joined thread
[7.336s] INFO:colcon.colcon_core.shell:Creating prefix script '/home/amr/ros2_ws/ros2_turtle_shapes/install/local_setup.ps1'
[7.340s] INFO:colcon.colcon_core.shell:Creating prefix util module '/home/amr/ros2_ws/ros2_turtle_shapes/install/_local_setup_util_ps1.py'
[7.346s] INFO:colcon.colcon_core.shell:Creating prefix chain script '/home/amr/ros2_ws/ros2_turtle_shapes/install/setup.ps1'
[7.350s] INFO:colcon.colcon_core.shell:Creating prefix script '/home/amr/ros2_ws/ros2_turtle_shapes/install/local_setup.sh'
[7.354s] INFO:colcon.colcon_core.shell:Creating prefix util module '/home/amr/ros2_ws/ros2_turtle_shapes/install/_local_setup_util_sh.py'
[7.355s] INFO:colcon.colcon_core.shell:Creating prefix chain script '/home/amr/ros2_ws/ros2_turtle_shapes/install/setup.sh'
[7.359s] INFO:colcon.colcon_core.shell:Creating prefix script '/home/amr/ros2_ws/ros2_turtle_shapes/install/local_setup.bash'
[7.361s] INFO:colcon.colcon_core.shell:Creating prefix chain script '/home/amr/ros2_ws/ros2_turtle_shapes/install/setup.bash'
[7.365s] INFO:colcon.colcon_core.shell:Creating prefix script '/home/amr/ros2_ws/ros2_turtle_shapes/install/local_setup.zsh'
[7.367s] INFO:colcon.colcon_core.shell:Creating prefix chain script '/home/amr/ros2_ws/ros2_turtle_shapes/install/setup.zsh'
