[3.652s] Invoking command in '/home/amr/ros2_ws/ros2_turtle_shapes': PYTHONPATH=/home/amr/ros2_ws/ros2_turtle_shapes/build/ros2_turtle_shapes/prefix_override:/usr/lib/python3/dist-packages/colcon_core/task/python/colcon_distutils_commands:/home/amr/ros2_ws/ros2_turtle_shapes/install/ros2_turtle_shapes/lib/python3.12/site-packages:${PYTHONPATH} /usr/bin/python3 -W ignore:setup.py install is deprecated -W ignore:easy_install command is deprecated setup.py egg_info --egg-base build/ros2_turtle_shapes build --build-base /home/amr/ros2_ws/ros2_turtle_shapes/build/ros2_turtle_shapes/build install --record /home/amr/ros2_ws/ros2_turtle_shapes/build/ros2_turtle_shapes/install.log --single-version-externally-managed install_data
[4.013s] running egg_info
[4.014s] creating build/ros2_turtle_shapes/ros2_turtle_shapes.egg-info
[4.054s] writing build/ros2_turtle_shapes/ros2_turtle_shapes.egg-info/PKG-INFO
[4.073s] writing dependency_links to build/ros2_turtle_shapes/ros2_turtle_shapes.egg-info/dependency_links.txt
[4.086s] writing entry points to build/ros2_turtle_shapes/ros2_turtle_shapes.egg-info/entry_points.txt
[4.087s] writing requirements to build/ros2_turtle_shapes/ros2_turtle_shapes.egg-info/requires.txt
[4.088s] writing top-level names to build/ros2_turtle_shapes/ros2_turtle_shapes.egg-info/top_level.txt
[4.096s] writing manifest file 'build/ros2_turtle_shapes/ros2_turtle_shapes.egg-info/SOURCES.txt'
[4.212s] reading manifest file 'build/ros2_turtle_shapes/ros2_turtle_shapes.egg-info/SOURCES.txt'
[4.215s] writing manifest file 'build/ros2_turtle_shapes/ros2_turtle_shapes.egg-info/SOURCES.txt'
[4.218s] running build
[4.219s] running build_py
[4.220s] creating /home/amr/ros2_ws/ros2_turtle_shapes/build/ros2_turtle_shapes/build
[4.220s] creating /home/amr/ros2_ws/ros2_turtle_shapes/build/ros2_turtle_shapes/build/lib
[4.222s] creating /home/amr/ros2_ws/ros2_turtle_shapes/build/ros2_turtle_shapes/build/lib/ros2_turtle_shapes
[4.223s] copying ros2_turtle_shapes/shape_node.py -> /home/amr/ros2_ws/ros2_turtle_shapes/build/ros2_turtle_shapes/build/lib/ros2_turtle_shapes
[4.227s] copying ros2_turtle_shapes/turtle_commander.py -> /home/amr/ros2_ws/ros2_turtle_shapes/build/ros2_turtle_shapes/build/lib/ros2_turtle_shapes
[4.235s] copying ros2_turtle_shapes/__init__.py -> /home/amr/ros2_ws/ros2_turtle_shapes/build/ros2_turtle_shapes/build/lib/ros2_turtle_shapes
[4.236s] running install
[4.259s] running install_lib
[4.308s] creating /home/amr/ros2_ws/ros2_turtle_shapes/install/ros2_turtle_shapes/lib/python3.12/site-packages/ros2_turtle_shapes
[4.311s] copying /home/amr/ros2_ws/ros2_turtle_shapes/build/ros2_turtle_shapes/build/lib/ros2_turtle_shapes/shape_node.py -> /home/amr/ros2_ws/ros2_turtle_shapes/install/ros2_turtle_shapes/lib/python3.12/site-packages/ros2_turtle_shapes
[4.312s] copying /home/amr/ros2_ws/ros2_turtle_shapes/build/ros2_turtle_shapes/build/lib/ros2_turtle_shapes/turtle_commander.py -> /home/amr/ros2_ws/ros2_turtle_shapes/install/ros2_turtle_shapes/lib/python3.12/site-packages/ros2_turtle_shapes
[4.313s] copying /home/amr/ros2_ws/ros2_turtle_shapes/build/ros2_turtle_shapes/build/lib/ros2_turtle_shapes/__init__.py -> /home/amr/ros2_ws/ros2_turtle_shapes/install/ros2_turtle_shapes/lib/python3.12/site-packages/ros2_turtle_shapes
[4.315s] byte-compiling /home/amr/ros2_ws/ros2_turtle_shapes/install/ros2_turtle_shapes/lib/python3.12/site-packages/ros2_turtle_shapes/shape_node.py to shape_node.cpython-312.pyc
[4.323s] byte-compiling /home/amr/ros2_ws/ros2_turtle_shapes/install/ros2_turtle_shapes/lib/python3.12/site-packages/ros2_turtle_shapes/turtle_commander.py to turtle_commander.cpython-312.pyc
[4.333s] byte-compiling /home/amr/ros2_ws/ros2_turtle_shapes/install/ros2_turtle_shapes/lib/python3.12/site-packages/ros2_turtle_shapes/__init__.py to __init__.cpython-312.pyc
[4.336s] running install_data
[4.338s] creating /home/amr/ros2_ws/ros2_turtle_shapes/install/ros2_turtle_shapes/share/ament_index
[4.339s] creating /home/amr/ros2_ws/ros2_turtle_shapes/install/ros2_turtle_shapes/share/ament_index/resource_index
[4.343s] creating /home/amr/ros2_ws/ros2_turtle_shapes/install/ros2_turtle_shapes/share/ament_index/resource_index/packages
[4.345s] copying resource/ros2_turtle_shapes -> /home/amr/ros2_ws/ros2_turtle_shapes/install/ros2_turtle_shapes/share/ament_index/resource_index/packages
[4.346s] copying package.xml -> /home/amr/ros2_ws/ros2_turtle_shapes/install/ros2_turtle_shapes/share/ros2_turtle_shapes
[4.346s] creating /home/amr/ros2_ws/ros2_turtle_shapes/install/ros2_turtle_shapes/share/ros2_turtle_shapes/launch
[4.349s] copying launch/turtle_shapes_launch.py -> /home/amr/ros2_ws/ros2_turtle_shapes/install/ros2_turtle_shapes/share/ros2_turtle_shapes/launch
[4.349s] running install_egg_info
[4.385s] Copying build/ros2_turtle_shapes/ros2_turtle_shapes.egg-info to /home/amr/ros2_ws/ros2_turtle_shapes/install/ros2_turtle_shapes/lib/python3.12/site-packages/ros2_turtle_shapes-0.0.0-py3.12.egg-info
[4.388s] running install_scripts
[4.550s] Installing shape_node script to /home/amr/ros2_ws/ros2_turtle_shapes/install/ros2_turtle_shapes/lib/ros2_turtle_shapes
[4.550s] Installing turtle_commander script to /home/amr/ros2_ws/ros2_turtle_shapes/install/ros2_turtle_shapes/lib/ros2_turtle_shapes
[4.551s] writing list of installed files to '/home/amr/ros2_ws/ros2_turtle_shapes/build/ros2_turtle_shapes/install.log'
[4.588s] Invoked command in '/home/amr/ros2_ws/ros2_turtle_shapes' returned '0': PYTHONPATH=/home/amr/ros2_ws/ros2_turtle_shapes/build/ros2_turtle_shapes/prefix_override:/usr/lib/python3/dist-packages/colcon_core/task/python/colcon_distutils_commands:/home/amr/ros2_ws/ros2_turtle_shapes/install/ros2_turtle_shapes/lib/python3.12/site-packages:${PYTHONPATH} /usr/bin/python3 -W ignore:setup.py install is deprecated -W ignore:easy_install command is deprecated setup.py egg_info --egg-base build/ros2_turtle_shapes build --build-base /home/amr/ros2_ws/ros2_turtle_shapes/build/ros2_turtle_shapes/build install --record /home/amr/ros2_ws/ros2_turtle_shapes/build/ros2_turtle_shapes/install.log --single-version-externally-managed install_data
