[1.848s] Invoking command in '/home/amr/ros2_ws/ros2_turtle_shapes': PYTHONPATH=/home/amr/ros2_ws/build/ros2_turtle_shapes/prefix_override:/usr/lib/python3/dist-packages/colcon_core/task/python/colcon_distutils_commands:/home/amr/ros2_ws/install/ros2_turtle_shapes/lib/python3.12/site-packages:${PYTHONPATH} /usr/bin/python3 -W ignore:setup.py install is deprecated -W ignore:easy_install command is deprecated setup.py egg_info --egg-base ../build/ros2_turtle_shapes build --build-base /home/amr/ros2_ws/build/ros2_turtle_shapes/build install --record /home/amr/ros2_ws/build/ros2_turtle_shapes/install.log --single-version-externally-managed install_data
[2.423s] running egg_info
[2.423s] creating ../build/ros2_turtle_shapes/ros2_turtle_shapes.egg-info
[2.465s] writing ../build/ros2_turtle_shapes/ros2_turtle_shapes.egg-info/PKG-INFO
[2.470s] writing dependency_links to ../build/ros2_turtle_shapes/ros2_turtle_shapes.egg-info/dependency_links.txt
[2.471s] writing entry points to ../build/ros2_turtle_shapes/ros2_turtle_shapes.egg-info/entry_points.txt
[2.473s] writing requirements to ../build/ros2_turtle_shapes/ros2_turtle_shapes.egg-info/requires.txt
[2.475s] writing top-level names to ../build/ros2_turtle_shapes/ros2_turtle_shapes.egg-info/top_level.txt
[2.477s] writing manifest file '../build/ros2_turtle_shapes/ros2_turtle_shapes.egg-info/SOURCES.txt'
[2.577s] reading manifest file '../build/ros2_turtle_shapes/ros2_turtle_shapes.egg-info/SOURCES.txt'
[2.578s] writing manifest file '../build/ros2_turtle_shapes/ros2_turtle_shapes.egg-info/SOURCES.txt'
[2.581s] running build
[2.581s] running build_py
[2.582s] creating /home/amr/ros2_ws/build/ros2_turtle_shapes/build
[2.583s] creating /home/amr/ros2_ws/build/ros2_turtle_shapes/build/lib
[2.584s] creating /home/amr/ros2_ws/build/ros2_turtle_shapes/build/lib/ros2_turtle_shapes
[2.585s] copying ros2_turtle_shapes/shape_node.py -> /home/amr/ros2_ws/build/ros2_turtle_shapes/build/lib/ros2_turtle_shapes
[2.586s] copying ros2_turtle_shapes/turtle_commander.py -> /home/amr/ros2_ws/build/ros2_turtle_shapes/build/lib/ros2_turtle_shapes
[2.588s] copying ros2_turtle_shapes/__init__.py -> /home/amr/ros2_ws/build/ros2_turtle_shapes/build/lib/ros2_turtle_shapes
[2.589s] running install
[2.606s] running install_lib
[2.639s] creating /home/amr/ros2_ws/install/ros2_turtle_shapes/lib/python3.12/site-packages/ros2_turtle_shapes
[2.640s] copying /home/amr/ros2_ws/build/ros2_turtle_shapes/build/lib/ros2_turtle_shapes/shape_node.py -> /home/amr/ros2_ws/install/ros2_turtle_shapes/lib/python3.12/site-packages/ros2_turtle_shapes
[2.644s] copying /home/amr/ros2_ws/build/ros2_turtle_shapes/build/lib/ros2_turtle_shapes/turtle_commander.py -> /home/amr/ros2_ws/install/ros2_turtle_shapes/lib/python3.12/site-packages/ros2_turtle_shapes
[2.645s] copying /home/amr/ros2_ws/build/ros2_turtle_shapes/build/lib/ros2_turtle_shapes/__init__.py -> /home/amr/ros2_ws/install/ros2_turtle_shapes/lib/python3.12/site-packages/ros2_turtle_shapes
[2.646s] byte-compiling /home/amr/ros2_ws/install/ros2_turtle_shapes/lib/python3.12/site-packages/ros2_turtle_shapes/shape_node.py to shape_node.cpython-312.pyc
[2.652s] byte-compiling /home/amr/ros2_ws/install/ros2_turtle_shapes/lib/python3.12/site-packages/ros2_turtle_shapes/turtle_commander.py to turtle_commander.cpython-312.pyc
[2.659s] byte-compiling /home/amr/ros2_ws/install/ros2_turtle_shapes/lib/python3.12/site-packages/ros2_turtle_shapes/__init__.py to __init__.cpython-312.pyc
[2.660s] running install_data
[2.660s] creating /home/amr/ros2_ws/install/ros2_turtle_shapes/share/ament_index
[2.661s] creating /home/amr/ros2_ws/install/ros2_turtle_shapes/share/ament_index/resource_index
[2.662s] creating /home/amr/ros2_ws/install/ros2_turtle_shapes/share/ament_index/resource_index/packages
[2.664s] copying resource/ros2_turtle_shapes -> /home/amr/ros2_ws/install/ros2_turtle_shapes/share/ament_index/resource_index/packages
[2.665s] copying package.xml -> /home/amr/ros2_ws/install/ros2_turtle_shapes/share/ros2_turtle_shapes
[2.668s] creating /home/amr/ros2_ws/install/ros2_turtle_shapes/share/ros2_turtle_shapes/launch
[2.677s] copying launch/turtle_shapes_launch.py -> /home/amr/ros2_ws/install/ros2_turtle_shapes/share/ros2_turtle_shapes/launch
[2.677s] running install_egg_info
[2.715s] Copying ../build/ros2_turtle_shapes/ros2_turtle_shapes.egg-info to /home/amr/ros2_ws/install/ros2_turtle_shapes/lib/python3.12/site-packages/ros2_turtle_shapes-0.0.0-py3.12.egg-info
[2.728s] running install_scripts
[2.981s] Installing shape_node script to /home/amr/ros2_ws/install/ros2_turtle_shapes/lib/ros2_turtle_shapes
[2.982s] Installing turtle_commander script to /home/amr/ros2_ws/install/ros2_turtle_shapes/lib/ros2_turtle_shapes
[2.984s] writing list of installed files to '/home/amr/ros2_ws/build/ros2_turtle_shapes/install.log'
[3.063s] Invoked command in '/home/amr/ros2_ws/ros2_turtle_shapes' returned '0': PYTHONPATH=/home/amr/ros2_ws/build/ros2_turtle_shapes/prefix_override:/usr/lib/python3/dist-packages/colcon_core/task/python/colcon_distutils_commands:/home/amr/ros2_ws/install/ros2_turtle_shapes/lib/python3.12/site-packages:${PYTHONPATH} /usr/bin/python3 -W ignore:setup.py install is deprecated -W ignore:easy_install command is deprecated setup.py egg_info --egg-base ../build/ros2_turtle_shapes build --build-base /home/amr/ros2_ws/build/ros2_turtle_shapes/build install --record /home/amr/ros2_ws/build/ros2_turtle_shapes/install.log --single-version-externally-managed install_data
