[1.986s] Invoking command in '/home/amr/ros2_ws/ros2_turtle_shapes': PYTHONPATH=/home/amr/ros2_ws/build/ros2_turtle_shapes/prefix_override:/usr/lib/python3/dist-packages/colcon_core/task/python/colcon_distutils_commands:/home/amr/ros2_ws/install/ros2_turtle_shapes/lib/python3.12/site-packages:${PYTHONPATH} /usr/bin/python3 -W ignore:setup.py install is deprecated -W ignore:easy_install command is deprecated setup.py egg_info --egg-base ../build/ros2_turtle_shapes build --build-base /home/amr/ros2_ws/build/ros2_turtle_shapes/build install --record /home/amr/ros2_ws/build/ros2_turtle_shapes/install.log --single-version-externally-managed install_data
[2.309s] running egg_info
[2.326s] writing ../build/ros2_turtle_shapes/ros2_turtle_shapes.egg-info/PKG-INFO
[2.328s] writing dependency_links to ../build/ros2_turtle_shapes/ros2_turtle_shapes.egg-info/dependency_links.txt
[2.330s] writing entry points to ../build/ros2_turtle_shapes/ros2_turtle_shapes.egg-info/entry_points.txt
[2.330s] writing requirements to ../build/ros2_turtle_shapes/ros2_turtle_shapes.egg-info/requires.txt
[2.330s] writing top-level names to ../build/ros2_turtle_shapes/ros2_turtle_shapes.egg-info/top_level.txt
[2.377s] reading manifest file '../build/ros2_turtle_shapes/ros2_turtle_shapes.egg-info/SOURCES.txt'
[2.379s] writing manifest file '../build/ros2_turtle_shapes/ros2_turtle_shapes.egg-info/SOURCES.txt'
[2.380s] running build
[2.380s] running build_py
[2.380s] copying ros2_turtle_shapes/shape_node.py -> /home/amr/ros2_ws/build/ros2_turtle_shapes/build/lib/ros2_turtle_shapes
[2.384s] copying ros2_turtle_shapes/turtle_commander.py -> /home/amr/ros2_ws/build/ros2_turtle_shapes/build/lib/ros2_turtle_shapes
[2.386s] running install
[2.393s] running install_lib
[2.418s] copying /home/amr/ros2_ws/build/ros2_turtle_shapes/build/lib/ros2_turtle_shapes/shape_node.py -> /home/amr/ros2_ws/install/ros2_turtle_shapes/lib/python3.12/site-packages/ros2_turtle_shapes
[2.420s] copying /home/amr/ros2_ws/build/ros2_turtle_shapes/build/lib/ros2_turtle_shapes/turtle_commander.py -> /home/amr/ros2_ws/install/ros2_turtle_shapes/lib/python3.12/site-packages/ros2_turtle_shapes
[2.421s] byte-compiling /home/amr/ros2_ws/install/ros2_turtle_shapes/lib/python3.12/site-packages/ros2_turtle_shapes/shape_node.py to shape_node.cpython-312.pyc
[2.425s] byte-compiling /home/amr/ros2_ws/install/ros2_turtle_shapes/lib/python3.12/site-packages/ros2_turtle_shapes/turtle_commander.py to turtle_commander.cpython-312.pyc
[2.429s] running install_data
[2.430s] running install_egg_info
[2.456s] removing '/home/amr/ros2_ws/install/ros2_turtle_shapes/lib/python3.12/site-packages/ros2_turtle_shapes-0.0.0-py3.12.egg-info' (and everything under it)
[2.462s] Copying ../build/ros2_turtle_shapes/ros2_turtle_shapes.egg-info to /home/amr/ros2_ws/install/ros2_turtle_shapes/lib/python3.12/site-packages/ros2_turtle_shapes-0.0.0-py3.12.egg-info
[2.468s] running install_scripts
[2.676s] Installing shape_node script to /home/amr/ros2_ws/install/ros2_turtle_shapes/lib/ros2_turtle_shapes
[2.677s] Installing turtle_commander script to /home/amr/ros2_ws/install/ros2_turtle_shapes/lib/ros2_turtle_shapes
[2.678s] writing list of installed files to '/home/amr/ros2_ws/build/ros2_turtle_shapes/install.log'
[2.717s] Invoked command in '/home/amr/ros2_ws/ros2_turtle_shapes' returned '0': PYTHONPATH=/home/amr/ros2_ws/build/ros2_turtle_shapes/prefix_override:/usr/lib/python3/dist-packages/colcon_core/task/python/colcon_distutils_commands:/home/amr/ros2_ws/install/ros2_turtle_shapes/lib/python3.12/site-packages:${PYTHONPATH} /usr/bin/python3 -W ignore:setup.py install is deprecated -W ignore:easy_install command is deprecated setup.py egg_info --egg-base ../build/ros2_turtle_shapes build --build-base /home/amr/ros2_ws/build/ros2_turtle_shapes/build install --record /home/amr/ros2_ws/build/ros2_turtle_shapes/install.log --single-version-externally-managed install_data
